[debug] [2017-10-29T13:31:09.683Z] ----------------------------------------------------------------------
[debug] [2017-10-29T13:31:09.701Z] Command:       /usr/bin/node /usr/bin/firebase deploy
[debug] [2017-10-29T13:31:09.701Z] CLI Version:   3.13.1
[debug] [2017-10-29T13:31:09.702Z] Platform:      linux
[debug] [2017-10-29T13:31:09.702Z] Node Version:  v6.11.3
[debug] [2017-10-29T13:31:09.702Z] Time:          Sun Oct 29 2017 14:31:09 GMT+0100 (CET)
[debug] [2017-10-29T13:31:09.702Z] ----------------------------------------------------------------------
[debug] 
[debug] [2017-10-29T13:31:09.766Z] > command requires scopes: ["email","openid","https://www.googleapis.com/auth/cloudplatformprojects.readonly","https://www.googleapis.com/auth/firebase","https://www.googleapis.com/auth/cloud-platform"]
[debug] [2017-10-29T13:31:09.766Z] > authorizing via signed-in user
[debug] [2017-10-29T13:31:09.768Z] > refreshing access token with scopes: ["email","https://www.googleapis.com/auth/cloud-platform","https://www.googleapis.com/auth/cloudplatformprojects.readonly","https://www.googleapis.com/auth/firebase","openid"]
[debug] [2017-10-29T13:31:09.769Z] >>> HTTP REQUEST POST https://www.googleapis.com/oauth2/v3/token { refresh_token: '1/Kidq6k3yLKjadiqR8juBEGinrC0WPQAHiAQmMa5VgW4',
  client_id: '563584335869-fgrhgmd47bqnekij5i8b5pr03ho849e6.apps.googleusercontent.com',
  client_secret: 'j9iVZfS8kkCEFUPaAeJV0sAi',
  grant_type: 'refresh_token',
  scope: 'email https://www.googleapis.com/auth/cloud-platform https://www.googleapis.com/auth/cloudplatformprojects.readonly https://www.googleapis.com/auth/firebase openid' } 
 Sun Oct 29 2017 14:31:09 GMT+0100 (CET)
[debug] [2017-10-29T13:31:10.401Z] <<< HTTP RESPONSE 200
[debug] [2017-10-29T13:31:10.479Z] >>> HTTP REQUEST GET https://admin.firebase.com/v1/projects/aipsoft-ce792  
 Sun Oct 29 2017 14:31:10 GMT+0100 (CET)
[debug] [2017-10-29T13:31:11.297Z] <<< HTTP RESPONSE 200
[debug] [2017-10-29T13:31:11.300Z] >>> HTTP REQUEST GET https://admin.firebase.com/v1/database/aipsoft-ce792/tokens  
 Sun Oct 29 2017 14:31:11 GMT+0100 (CET)
[debug] [2017-10-29T13:31:11.932Z] <<< HTTP RESPONSE 200
[info] 2
[info] 
[info] === Deploying to 'aipsoft-ce792'...
[info] 
[info] i  deploying functions, hosting
[debug] [2017-10-29T13:31:13.587Z] > [functions] package.json contents: {
  "name": "functions",
  "description": "Cloud Functions for Firebase",
  "dependencies": {
    "@google-cloud/storage": "^1.4.0",
    "axios": "^0.17.0",
    "bluebird": "^3.5.1",
    "cors": "^2.8.4",
    "ffmpeg-static": "^2.0.0",
    "firebase-admin": "^5.4.2",
    "firebase-functions": "^0.7.1",
    "fluent-ffmpeg": "^2.1.2",
    "form-data": "^2.3.1"
  },
  "scripts": {
    "prepare": "babel ./*.es6 --presets es2015 --retain-lines -d ./",
    "serve": "(babel ./*.es6 --presets es2015 --retain-lines -d ./ --watch&) && cd ../ && firebase serve --only functions"
  },
  "private": true
}
[info] i  functions: ensuring necessary APIs are enabled...
[info] i  runtimeconfig: ensuring necessary APIs are enabled...
[debug] [2017-10-29T13:31:13.590Z] >>> HTTP REQUEST GET https://servicemanagement.googleapis.com/v1/services/cloudfunctions.googleapis.com/projectSettings/aipsoft-ce792?view=CONSUMER_VIEW  
 Sun Oct 29 2017 14:31:13 GMT+0100 (CET)
[debug] [2017-10-29T13:31:13.591Z] >>> HTTP REQUEST GET https://servicemanagement.googleapis.com/v1/services/runtimeconfig.googleapis.com/projectSettings/aipsoft-ce792?view=CONSUMER_VIEW  
 Sun Oct 29 2017 14:31:13 GMT+0100 (CET)
[debug] [2017-10-29T13:31:14.944Z] <<< HTTP RESPONSE 200
[info] ✔  runtimeconfig: all necessary APIs are enabled
[debug] [2017-10-29T13:31:15.713Z] <<< HTTP RESPONSE 200
[info] ✔  functions: all necessary APIs are enabled
[debug] [2017-10-29T13:31:15.716Z] >>> HTTP REQUEST GET https://appengine.googleapis.com/v1/apps/aipsoft-ce792  
 Sun Oct 29 2017 14:31:15 GMT+0100 (CET)
[debug] [2017-10-29T13:31:15.718Z] >>> HTTP REQUEST GET https://apikeys.googleapis.com/v1/projects/aipsoft-ce792/apiKeys  
 Sun Oct 29 2017 14:31:15 GMT+0100 (CET)
[debug] [2017-10-29T13:31:17.160Z] <<< HTTP RESPONSE 200
[debug] [2017-10-29T13:31:17.189Z] <<< HTTP RESPONSE 200
[info] i  functions: preparing functions directory for uploading...
[debug] [2017-10-29T13:32:28.043Z] >>> HTTP REQUEST GET https://runtimeconfig.googleapis.com/v1beta1/projects/aipsoft-ce792/configs  
 Sun Oct 29 2017 14:32:28 GMT+0100 (CET)
[debug] [2017-10-29T13:32:28.774Z] <<< HTTP RESPONSE 200
[info] i  functions: packaged functions (12.5 KB) for uploading
[debug] [2017-10-29T13:32:32.246Z] >>> HTTP REQUEST GET https://www.googleapis.com/storage/v1/b/staging.aipsoft-ce792.appspot.com  
 Sun Oct 29 2017 14:32:32 GMT+0100 (CET)
[debug] [2017-10-29T13:32:32.605Z] <<< HTTP RESPONSE 200
[debug] [2017-10-29T13:32:32.606Z] >>> HTTP REQUEST POST https://www.googleapis.com/upload/storage/v1/b/staging.aipsoft-ce792.appspot.com/o?uploadType=media&name=firebase-functions-source ReadStream {
  _readableState: 
   ReadableState {
     objectMode: false,
     highWaterMark: 65536,
     buffer: BufferList { head: [Object], tail: [Object], length: 1 },
     length: 12798,
     pipes: null,
     pipesCount: 0,
     flowing: null,
     ended: true,
     endEmitted: false,
     reading: false,
     sync: false,
     needReadable: false,
     emittedReadable: true,
     readableListening: false,
     resumeScheduled: false,
     defaultEncoding: 'utf8',
     ranOut: false,
     awaitDrain: 0,
     readingMore: false,
     decoder: null,
     encoding: null },
  readable: true,
  domain: null,
  _events: { end: [Function] },
  _eventsCount: 1,
  _maxListeners: undefined,
  path: '/tmp/firebase-functions-31211p7eeFEfpmpa9.zip',
  fd: 15,
  flags: 'r',
  mode: 438,
  start: undefined,
  end: undefined,
  autoClose: true,
  pos: undefined,
  bytesRead: 12798 } 
 Sun Oct 29 2017 14:32:32 GMT+0100 (CET)
[debug] [2017-10-29T13:32:33.575Z] <<< HTTP RESPONSE 200
[info] ✔  functions: functions folder uploaded successfully
[info] i  hosting: preparing build directory for upload...
[debug] [2017-10-29T13:32:34.486Z] >>> HTTP REQUEST PUT https://deploy.firebase.com/v1/hosting/aipsoft-ce792/uploads/-KxcK43-k4Ri6nLOizmt?fileCount=27&message=  
 Sun Oct 29 2017 14:32:34 GMT+0100 (CET)
